
==========================================================================
floorplan final report_tns
--------------------------------------------------------------------------
tns max 0.00

==========================================================================
floorplan final report_wns
--------------------------------------------------------------------------
wns max 0.00

==========================================================================
floorplan final report_worst_slack
--------------------------------------------------------------------------
worst slack max INF

==========================================================================
floorplan final report_clock_min_period
--------------------------------------------------------------------------
VCLK period_min = 0.00 fmax = inf

==========================================================================
floorplan final report_checks -path_delay min
--------------------------------------------------------------------------
No paths found.

==========================================================================
floorplan final report_checks -path_delay max
--------------------------------------------------------------------------
No paths found.

==========================================================================
floorplan final report_checks -unconstrained
--------------------------------------------------------------------------
Startpoint: A[0] (input port)
Endpoint: zero (output port)
Path Group: unconstrained
Path Type: max

Fanout     Cap    Slew   Delay    Time   Description
-----------------------------------------------------------------------------
                          0.00    0.00 v input external delay
     3    0.01    0.00    0.00    0.00 v A[0] (in)
                                         A[0] (net)
                  0.00    0.00    0.00 v _1887_/A (sky130_fd_sc_hd__ha_1)
     4    0.01    0.08    0.21    0.21 v _1887_/COUT (sky130_fd_sc_hd__ha_1)
                                         _0000_ (net)
                  0.08    0.00    0.21 v _1825_/CIN (sky130_fd_sc_hd__fa_1)
     3    0.01    0.09    0.39    0.60 v _1825_/COUT (sky130_fd_sc_hd__fa_1)
                                         _0001_ (net)
                  0.09    0.00    0.60 v _1095_/A1 (sky130_fd_sc_hd__a21o_2)
     3    0.01    0.05    0.21    0.82 v _1095_/X (sky130_fd_sc_hd__a21o_2)
                                         _0371_ (net)
                  0.05    0.00    0.82 v _1187_/A3 (sky130_fd_sc_hd__a31o_1)
     4    0.01    0.06    0.24    1.05 v _1187_/X (sky130_fd_sc_hd__a31o_1)
                                         _0456_ (net)
                  0.06    0.00    1.05 v _1433_/B2 (sky130_fd_sc_hd__a22o_1)
     2    0.00    0.05    0.21    1.26 v _1433_/X (sky130_fd_sc_hd__a22o_1)
                                         _0687_ (net)
                  0.05    0.00    1.26 v _1534_/A1 (sky130_fd_sc_hd__o311a_1)
     2    0.00    0.06    0.35    1.62 v _1534_/X (sky130_fd_sc_hd__o311a_1)
                                         _0781_ (net)
                  0.06    0.00    1.62 v _1641_/A (sky130_fd_sc_hd__nor2_1)
     3    0.01    0.15    0.16    1.77 ^ _1641_/Y (sky130_fd_sc_hd__nor2_1)
                                         _0880_ (net)
                  0.15    0.00    1.77 ^ _1745_/A1 (sky130_fd_sc_hd__o221ai_1)
     1    0.00    0.11    0.14    1.91 v _1745_/Y (sky130_fd_sc_hd__o221ai_1)
                                         _0247_ (net)
                  0.11    0.00    1.91 v _1746_/C1 (sky130_fd_sc_hd__o311ai_1)
     1    0.00    0.28    0.11    2.02 ^ _1746_/Y (sky130_fd_sc_hd__o311ai_1)
                                         _0248_ (net)
                  0.28    0.00    2.02 ^ _1747_/B (sky130_fd_sc_hd__xnor2_1)
     1    0.00    0.11    0.15    2.17 ^ _1747_/Y (sky130_fd_sc_hd__xnor2_1)
                                         _0249_ (net)
                  0.11    0.00    2.17 ^ _1752_/A2 (sky130_fd_sc_hd__o221ai_1)
     2    0.00    0.07    0.11    2.28 v _1752_/Y (sky130_fd_sc_hd__o221ai_1)
                                         result[30] (net)
                  0.07    0.00    2.28 v _1810_/D (sky130_fd_sc_hd__or4_1)
     1    0.00    0.07    0.38    2.66 v _1810_/X (sky130_fd_sc_hd__or4_1)
                                         _0265_ (net)
                  0.07    0.00    2.66 v _1823_/B (sky130_fd_sc_hd__or4b_1)
     1    0.00    0.08    0.49    3.16 v _1823_/X (sky130_fd_sc_hd__or4b_1)
                                         _0278_ (net)
                  0.08    0.00    3.16 v _1824_/B (sky130_fd_sc_hd__nor2_1)
     1    0.00    0.04    0.06    3.21 ^ _1824_/Y (sky130_fd_sc_hd__nor2_1)
                                         zero (net)
                  0.04    0.00    3.21 ^ zero (out)
                                  3.21   data arrival time
-----------------------------------------------------------------------------
(Path is unconstrained)



==========================================================================
floorplan final report_power
--------------------------------------------------------------------------
Group                  Internal  Switching    Leakage      Total
                          Power      Power      Power      Power (Watts)
----------------------------------------------------------------
Sequential             0.00e+00   0.00e+00   0.00e+00   0.00e+00   0.0%
Combinational          1.39e-04   1.41e-04   2.87e-09   2.80e-04 100.0%
Clock                  0.00e+00   0.00e+00   0.00e+00   0.00e+00   0.0%
Macro                  0.00e+00   0.00e+00   0.00e+00   0.00e+00   0.0%
Pad                    0.00e+00   0.00e+00   0.00e+00   0.00e+00   0.0%
----------------------------------------------------------------
Total                  1.39e-04   1.41e-04   2.87e-09   2.80e-04 100.0%
                          49.7%      50.3%       0.0%
