
==========================================================================
global place report_tns
--------------------------------------------------------------------------
tns max 0.00

==========================================================================
global place report_wns
--------------------------------------------------------------------------
wns max 0.00

==========================================================================
global place report_worst_slack
--------------------------------------------------------------------------
worst slack max INF

==========================================================================
global place report_clock_min_period
--------------------------------------------------------------------------
VCLK period_min = 0.00 fmax = inf

==========================================================================
global place report_checks -path_delay min
--------------------------------------------------------------------------
No paths found.

==========================================================================
global place report_checks -path_delay max
--------------------------------------------------------------------------
No paths found.

==========================================================================
global place report_checks -unconstrained
--------------------------------------------------------------------------
Startpoint: opcode[0] (input port)
Endpoint: output102/X (internal pin)
Path Group: unconstrained
Path Type: max

Fanout     Cap    Slew   Delay    Time   Description
-----------------------------------------------------------------------------
                          0.00    0.00 ^ input external delay
     1    0.00    0.00    0.00    0.00 ^ opcode[0] (in)
                                         opcode[0] (net)
                  0.00    0.00    0.00 ^ input65/A (sky130_fd_sc_hd__buf_4)
    52    0.19    0.52    0.43    0.43 ^ input65/X (sky130_fd_sc_hd__buf_4)
                                         net65 (net)
                  0.52    0.01    0.43 ^ place107/A (sky130_fd_sc_hd__buf_4)
    64    0.26    0.69    0.67    1.10 ^ place107/X (sky130_fd_sc_hd__buf_4)
                                         net107 (net)
                  0.69    0.00    1.11 ^ _1007_/A (sky130_fd_sc_hd__inv_1)
    31    0.16    0.73    0.79    1.90 v _1007_/Y (sky130_fd_sc_hd__inv_1)
                                         _0292_ (net)
                  0.73    0.00    1.90 v _1069_/A (sky130_fd_sc_hd__nand2_2)
    10    0.07    0.42    0.58    2.48 ^ _1069_/Y (sky130_fd_sc_hd__nand2_2)
                                         _0348_ (net)
                  0.42    0.00    2.49 ^ _1085_/B1 (sky130_fd_sc_hd__o221ai_2)
     2    0.01    0.13    0.20    2.68 v _1085_/Y (sky130_fd_sc_hd__o221ai_2)
                                         net97 (net)
                  0.13    0.00    2.69 v _1815_/B (sky130_fd_sc_hd__or4_4)
     1    0.02    0.10    0.57    3.26 v _1815_/X (sky130_fd_sc_hd__or4_4)
                                         _0270_ (net)
                  0.10    0.00    3.26 v _1816_/B1 (sky130_fd_sc_hd__a211oi_2)
     1    0.00    0.15    0.20    3.46 ^ _1816_/Y (sky130_fd_sc_hd__a211oi_2)
                                         _0271_ (net)
                  0.15    0.00    3.46 ^ _1817_/D (sky130_fd_sc_hd__nand4bb_1)
     1    0.01    0.18    0.20    3.67 v _1817_/Y (sky130_fd_sc_hd__nand4bb_1)
                                         _0272_ (net)
                  0.18    0.00    3.67 v _1819_/C (sky130_fd_sc_hd__nor4_2)
     1    0.01    0.36    0.38    4.05 ^ _1819_/Y (sky130_fd_sc_hd__nor4_2)
                                         _0274_ (net)
                  0.36    0.00    4.05 ^ _1821_/C (sky130_fd_sc_hd__nand4b_1)
     1    0.01    0.14    0.19    4.24 v _1821_/Y (sky130_fd_sc_hd__nand4b_1)
                                         _0276_ (net)
                  0.14    0.00    4.24 v _1823_/C (sky130_fd_sc_hd__or4b_1)
     1    0.00    0.08    0.49    4.73 v _1823_/X (sky130_fd_sc_hd__or4b_1)
                                         _0278_ (net)
                  0.08    0.00    4.73 v _1824_/B (sky130_fd_sc_hd__nor2_1)
     1    0.00    0.08    0.10    4.83 ^ _1824_/Y (sky130_fd_sc_hd__nor2_1)
                                         net102 (net)
                  0.08    0.00    4.83 ^ output102/A (sky130_fd_sc_hd__clkdlybuf4s50_1)
     0    0.00    0.04    0.47    5.29 ^ output102/X (sky130_fd_sc_hd__clkdlybuf4s50_1)
                                         zero (net)
                                  5.29   data arrival time
-----------------------------------------------------------------------------
(Path is unconstrained)



==========================================================================
global place report_power
--------------------------------------------------------------------------
Group                  Internal  Switching    Leakage      Total
                          Power      Power      Power      Power (Watts)
----------------------------------------------------------------
Sequential             0.00e+00   0.00e+00   0.00e+00   0.00e+00   0.0%
Combinational          1.87e-04   2.37e-04   3.08e-09   4.24e-04 100.0%
Clock                  0.00e+00   0.00e+00   0.00e+00   0.00e+00   0.0%
Macro                  0.00e+00   0.00e+00   0.00e+00   0.00e+00   0.0%
Pad                    0.00e+00   0.00e+00   0.00e+00   0.00e+00   0.0%
----------------------------------------------------------------
Total                  1.87e-04   2.37e-04   3.08e-09   4.24e-04 100.0%
                          44.0%      56.0%       0.0%
