
==========================================================================
detailed route report_tns
--------------------------------------------------------------------------
tns max 0.00

==========================================================================
detailed route report_wns
--------------------------------------------------------------------------
wns max 0.00

==========================================================================
detailed route report_worst_slack
--------------------------------------------------------------------------
worst slack max INF

==========================================================================
detailed route report_clock_min_period
--------------------------------------------------------------------------
VCLK period_min = 0.00 fmax = inf

==========================================================================
detailed route report_clock_skew
--------------------------------------------------------------------------
Clock VCLK
No launch/capture paths found.


==========================================================================
detailed route report_checks -path_delay min
--------------------------------------------------------------------------
No paths found.

==========================================================================
detailed route report_checks -path_delay max
--------------------------------------------------------------------------
No paths found.

==========================================================================
detailed route report_checks -unconstrained
--------------------------------------------------------------------------
Startpoint: A[6] (input port)
Endpoint: zero (output port)
Path Group: unconstrained
Path Type: max

Fanout     Cap    Slew   Delay    Time   Description
-----------------------------------------------------------------------------
                          0.00    0.00 ^ input external delay
     1    0.00    0.00    0.00    0.00 ^ A[6] (in)
                                         A[6] (net)
                  0.00    0.00    0.00 ^ input29/A (sky130_fd_sc_hd__clkdlybuf4s50_1)
     3    0.01    0.10    0.49    0.49 ^ input29/X (sky130_fd_sc_hd__clkdlybuf4s50_1)
                                         net29 (net)
                  0.10    0.00    0.49 ^ _1144_/A (sky130_fd_sc_hd__inv_1)
     2    0.01    0.04    0.06    0.55 v _1144_/Y (sky130_fd_sc_hd__inv_1)
                                         _0156_ (net)
                  0.04    0.00    0.55 v _1903_/A (sky130_fd_sc_hd__ha_1)
    11    0.03    0.15    0.40    0.95 v _1903_/SUM (sky130_fd_sc_hd__ha_1)
                                         _0159_ (net)
                  0.15    0.00    0.95 v _1245_/A (sky130_fd_sc_hd__nor4_1)
     1    0.00    0.18    0.27    1.22 ^ _1245_/Y (sky130_fd_sc_hd__nor4_1)
                                         _0511_ (net)
                  0.18    0.00    1.22 ^ _1246_/B1 (sky130_fd_sc_hd__o21ai_0)
     2    0.00    0.10    0.13    1.35 v _1246_/Y (sky130_fd_sc_hd__o21ai_0)
                                         _0512_ (net)
                  0.10    0.00    1.35 v _1294_/A2 (sky130_fd_sc_hd__a21oi_1)
     3    0.01    0.23    0.24    1.59 ^ _1294_/Y (sky130_fd_sc_hd__a21oi_1)
                                         _0556_ (net)
                  0.23    0.00    1.59 ^ _1390_/A2 (sky130_fd_sc_hd__o31ai_2)
     3    0.01    0.08    0.11    1.70 v _1390_/Y (sky130_fd_sc_hd__o31ai_2)
                                         _0647_ (net)
                  0.08    0.00    1.70 v _1531_/C (sky130_fd_sc_hd__nor4_2)
     6    0.01    0.41    0.38    2.08 ^ _1531_/Y (sky130_fd_sc_hd__nor4_2)
                                         _0778_ (net)
                  0.41    0.00    2.08 ^ _1732_/A (sky130_fd_sc_hd__nor2_1)
     2    0.00    0.10    0.11    2.19 v _1732_/Y (sky130_fd_sc_hd__nor2_1)
                                         _0234_ (net)
                  0.10    0.00    2.19 v _1746_/A2 (sky130_fd_sc_hd__o311ai_1)
     1    0.00    0.28    0.32    2.51 ^ _1746_/Y (sky130_fd_sc_hd__o311ai_1)
                                         _0248_ (net)
                  0.28    0.00    2.51 ^ _1747_/B (sky130_fd_sc_hd__xnor2_1)
     1    0.00    0.11    0.15    2.66 ^ _1747_/Y (sky130_fd_sc_hd__xnor2_1)
                                         _0249_ (net)
                  0.11    0.00    2.66 ^ _1752_/A2 (sky130_fd_sc_hd__o221ai_1)
     2    0.00    0.10    0.12    2.79 v _1752_/Y (sky130_fd_sc_hd__o221ai_1)
                                         net93 (net)
                  0.10    0.00    2.79 v _1810_/D (sky130_fd_sc_hd__or4_1)
     1    0.00    0.07    0.39    3.18 v _1810_/X (sky130_fd_sc_hd__or4_1)
                                         _0265_ (net)
                  0.07    0.00    3.18 v _1823_/B (sky130_fd_sc_hd__or4b_1)
     1    0.00    0.08    0.49    3.67 v _1823_/X (sky130_fd_sc_hd__or4b_1)
                                         _0278_ (net)
                  0.08    0.00    3.67 v _1824_/B (sky130_fd_sc_hd__nor2_1)
     1    0.00    0.07    0.09    3.76 ^ _1824_/Y (sky130_fd_sc_hd__nor2_1)
                                         net102 (net)
                  0.07    0.00    3.76 ^ output102/A (sky130_fd_sc_hd__clkdlybuf4s50_1)
     1    0.00    0.02    0.45    4.21 ^ output102/X (sky130_fd_sc_hd__clkdlybuf4s50_1)
                                         zero (net)
                  0.02    0.00    4.21 ^ zero (out)
                                  4.21   data arrival time
-----------------------------------------------------------------------------
(Path is unconstrained)



==========================================================================
detailed route report_check_types -max_slew -max_cap -max_fanout -violators
--------------------------------------------------------------------------

==========================================================================
detailed route max_slew_check_slack
--------------------------------------------------------------------------
0.8889390826225281

==========================================================================
detailed route max_slew_check_limit
--------------------------------------------------------------------------
1.4983500242233276

==========================================================================
detailed route max_slew_check_slack_limit
--------------------------------------------------------------------------
0.5933

==========================================================================
detailed route max_fanout_check_slack
--------------------------------------------------------------------------
1.0000000150474662e+30

==========================================================================
detailed route max_fanout_check_limit
--------------------------------------------------------------------------
1.0000000150474662e+30

==========================================================================
detailed route max_capacitance_check_slack
--------------------------------------------------------------------------
0.016231000423431396

==========================================================================
detailed route max_capacitance_check_limit
--------------------------------------------------------------------------
0.021067000925540924

==========================================================================
detailed route max_capacitance_check_slack_limit
--------------------------------------------------------------------------
0.7704

==========================================================================
detailed route max_slew_violation_count
--------------------------------------------------------------------------
max slew violation count 0

==========================================================================
detailed route max_fanout_violation_count
--------------------------------------------------------------------------
max fanout violation count 0

==========================================================================
detailed route max_cap_violation_count
--------------------------------------------------------------------------
max cap violation count 0

==========================================================================
detailed route setup_violation_count
--------------------------------------------------------------------------
setup violation count 0

==========================================================================
detailed route hold_violation_count
--------------------------------------------------------------------------
hold violation count 0

==========================================================================
detailed route critical path delay
--------------------------------------------------------------------------
-1

==========================================================================
detailed route critical path slack
--------------------------------------------------------------------------
0

==========================================================================
detailed route slack div critical path delay
--------------------------------------------------------------------------
0.000000

==========================================================================
detailed route report_power
--------------------------------------------------------------------------
Group                  Internal  Switching    Leakage      Total
                          Power      Power      Power      Power (Watts)
----------------------------------------------------------------
Sequential             0.00e+00   0.00e+00   0.00e+00   0.00e+00   0.0%
Combinational          1.83e-04   1.49e-04   3.08e-09   3.32e-04 100.0%
Clock                  0.00e+00   0.00e+00   0.00e+00   0.00e+00   0.0%
Macro                  0.00e+00   0.00e+00   0.00e+00   0.00e+00   0.0%
Pad                    0.00e+00   0.00e+00   0.00e+00   0.00e+00   0.0%
----------------------------------------------------------------
Total                  1.83e-04   1.49e-04   3.08e-09   3.32e-04 100.0%
                          55.0%      45.0%       0.0%
