
==========================================================================
global route report_tns
--------------------------------------------------------------------------
tns max 0.00

==========================================================================
global route report_wns
--------------------------------------------------------------------------
wns max 0.00

==========================================================================
global route report_worst_slack
--------------------------------------------------------------------------
worst slack max INF

==========================================================================
global route report_clock_min_period
--------------------------------------------------------------------------
VCLK period_min = 0.00 fmax = inf

==========================================================================
global route report_clock_skew
--------------------------------------------------------------------------
Clock VCLK
No launch/capture paths found.


==========================================================================
global route report_checks -path_delay min
--------------------------------------------------------------------------
No paths found.

==========================================================================
global route report_checks -path_delay max
--------------------------------------------------------------------------
No paths found.

==========================================================================
global route report_checks -unconstrained
--------------------------------------------------------------------------
Startpoint: opcode[0] (input port)
Endpoint: zero (output port)
Path Group: unconstrained
Path Type: max

Fanout     Cap    Slew   Delay    Time   Description
-----------------------------------------------------------------------------
                          0.00    0.00 ^ input external delay
     1    0.00    0.00    0.00    0.00 ^ opcode[0] (in)
                                         opcode[0] (net)
                  0.00    0.00    0.00 ^ input65/A (sky130_fd_sc_hd__buf_4)
    52    0.22    0.59    0.47    0.47 ^ input65/X (sky130_fd_sc_hd__buf_4)
                                         net65 (net)
                  0.59    0.02    0.49 ^ place107/A (sky130_fd_sc_hd__buf_4)
    64    0.29    0.77    0.73    1.21 ^ place107/X (sky130_fd_sc_hd__buf_4)
                                         net107 (net)
                  0.77    0.00    1.22 ^ _1007_/A (sky130_fd_sc_hd__inv_1)
    31    0.17    0.79    0.86    2.08 v _1007_/Y (sky130_fd_sc_hd__inv_1)
                                         _0292_ (net)
                  0.79    0.00    2.08 v _1069_/A (sky130_fd_sc_hd__nand2_2)
    10    0.07    0.44    0.61    2.69 ^ _1069_/Y (sky130_fd_sc_hd__nand2_2)
                                         _0348_ (net)
                  0.44    0.00    2.70 ^ _1085_/B1 (sky130_fd_sc_hd__o221ai_2)
     2    0.01    0.14    0.21    2.91 v _1085_/Y (sky130_fd_sc_hd__o221ai_2)
                                         net97 (net)
                  0.14    0.00    2.91 v _1815_/B (sky130_fd_sc_hd__or4_4)
     1    0.02    0.11    0.59    3.49 v _1815_/X (sky130_fd_sc_hd__or4_4)
                                         _0270_ (net)
                  0.11    0.00    3.49 v _1816_/B1 (sky130_fd_sc_hd__a211oi_2)
     1    0.01    0.19    0.25    3.74 ^ _1816_/Y (sky130_fd_sc_hd__a211oi_2)
                                         _0271_ (net)
                  0.19    0.00    3.74 ^ _1817_/D (sky130_fd_sc_hd__nand4bb_1)
     1    0.01    0.17    0.20    3.95 v _1817_/Y (sky130_fd_sc_hd__nand4bb_1)
                                         _0272_ (net)
                  0.17    0.00    3.95 v _1819_/C (sky130_fd_sc_hd__nor4_2)
     1    0.01    0.35    0.37    4.32 ^ _1819_/Y (sky130_fd_sc_hd__nor4_2)
                                         _0274_ (net)
                  0.35    0.00    4.32 ^ _1821_/C (sky130_fd_sc_hd__nand4b_1)
     1    0.01    0.14    0.19    4.51 v _1821_/Y (sky130_fd_sc_hd__nand4b_1)
                                         _0276_ (net)
                  0.14    0.00    4.51 v _1823_/C (sky130_fd_sc_hd__or4b_1)
     1    0.00    0.09    0.50    5.01 v _1823_/X (sky130_fd_sc_hd__or4b_1)
                                         _0278_ (net)
                  0.09    0.00    5.01 v _1824_/B (sky130_fd_sc_hd__nor2_1)
     1    0.00    0.10    0.11    5.12 ^ _1824_/Y (sky130_fd_sc_hd__nor2_1)
                                         net102 (net)
                  0.10    0.00    5.12 ^ output102/A (sky130_fd_sc_hd__clkdlybuf4s50_1)
     1    0.00    0.04    0.48    5.60 ^ output102/X (sky130_fd_sc_hd__clkdlybuf4s50_1)
                                         zero (net)
                  0.04    0.00    5.60 ^ zero (out)
                                  5.60   data arrival time
-----------------------------------------------------------------------------
(Path is unconstrained)



==========================================================================
global route report_check_types -max_slew -max_cap -max_fanout -violators
--------------------------------------------------------------------------

==========================================================================
global route max_slew_check_slack
--------------------------------------------------------------------------
0.09454704076051712

==========================================================================
global route max_slew_check_limit
--------------------------------------------------------------------------
1.4983500242233276

==========================================================================
global route max_slew_check_slack_limit
--------------------------------------------------------------------------
0.0631

==========================================================================
global route max_fanout_check_slack
--------------------------------------------------------------------------
1.0000000150474662e+30

==========================================================================
global route max_fanout_check_limit
--------------------------------------------------------------------------
1.0000000150474662e+30

==========================================================================
global route max_capacitance_check_slack
--------------------------------------------------------------------------
0.008177961222827435

==========================================================================
global route max_capacitance_check_limit
--------------------------------------------------------------------------
0.18128399550914764

==========================================================================
global route max_capacitance_check_slack_limit
--------------------------------------------------------------------------
0.0451

==========================================================================
global route max_slew_violation_count
--------------------------------------------------------------------------
max slew violation count 0

==========================================================================
global route max_fanout_violation_count
--------------------------------------------------------------------------
max fanout violation count 0

==========================================================================
global route max_cap_violation_count
--------------------------------------------------------------------------
max cap violation count 0

==========================================================================
global route setup_violation_count
--------------------------------------------------------------------------
setup violation count 0

==========================================================================
global route hold_violation_count
--------------------------------------------------------------------------
hold violation count 0

==========================================================================
global route critical path delay
--------------------------------------------------------------------------
-1

==========================================================================
global route critical path slack
--------------------------------------------------------------------------
0

==========================================================================
global route slack div critical path delay
--------------------------------------------------------------------------
0.000000

==========================================================================
global route report_power
--------------------------------------------------------------------------
Group                  Internal  Switching    Leakage      Total
                          Power      Power      Power      Power (Watts)
----------------------------------------------------------------
Sequential             0.00e+00   0.00e+00   0.00e+00   0.00e+00   0.0%
Combinational          1.89e-04   2.86e-04   3.08e-09   4.75e-04 100.0%
Clock                  0.00e+00   0.00e+00   0.00e+00   0.00e+00   0.0%
Macro                  0.00e+00   0.00e+00   0.00e+00   0.00e+00   0.0%
Pad                    0.00e+00   0.00e+00   0.00e+00   0.00e+00   0.0%
----------------------------------------------------------------
Total                  1.89e-04   2.86e-04   3.08e-09   4.75e-04 100.0%
                          39.8%      60.2%       0.0%
